Command line: /sw/bioinfo/spades/3.15.5/snowy/bin/spades.py	-1	/home/izuike/1_Zhang_2017/genomics_data/Illumina/E745-1.L500_SZAXPI015146-56_1_clean.fq.gz	-2	/home/izuike/1_Zhang_2017/genomics_data/Illumina/E745-1.L500_SZAXPI015146-56_2_clean.fq.gz	--nanopore	/home/izuike/1_Zhang_2017/genomics_data/Nanopore/E745_all.fasta.gz	-k	55	-o	/home/izuike/output/spades_files	

System information:
  SPAdes version: 3.15.5
  Python version: 2.7.5
  OS: Linux-3.10.0-1160.114.2.el7.x86_64-x86_64-with-centos-7.9.2009-Core

Output dir: /home/izuike/output/spades_files
Mode: read error correction and assembling
Debug mode is turned OFF

Dataset parameters:
  Standard mode
  For multi-cell/isolate data we recommend to use '--isolate' option; for single-cell MDA data use '--sc'; for metagenomic data use '--meta'; for RNA-Seq use '--rna'.
  Reads:
    Library number: 1, library type: nanopore
      left reads: not specified
      right reads: not specified
      interlaced reads: not specified
      single reads: ['/home/izuike/1_Zhang_2017/genomics_data/Nanopore/E745_all.fasta.gz']
      merged reads: not specified
    Library number: 2, library type: paired-end
      orientation: fr
      left reads: ['/home/izuike/1_Zhang_2017/genomics_data/Illumina/E745-1.L500_SZAXPI015146-56_1_clean.fq.gz']
      right reads: ['/home/izuike/1_Zhang_2017/genomics_data/Illumina/E745-1.L500_SZAXPI015146-56_2_clean.fq.gz']
      interlaced reads: not specified
      single reads: not specified
      merged reads: not specified
Read error correction parameters:
  Iterations: 1
  PHRED offset will be auto-detected
  Corrected reads will be compressed
Assembly parameters:
  k: [55]
  Repeat resolution is enabled
  Mismatch careful mode is turned OFF
  MismatchCorrector will be SKIPPED
  Coverage cutoff is turned OFF
Other parameters:
  Dir for temp files: /home/izuike/output/spades_files/tmp
  Threads: 16
  Memory limit (in Gb): 125


======= SPAdes pipeline started. Log can be found here: /home/izuike/output/spades_files/spades.log

/home/izuike/1_Zhang_2017/genomics_data/Illumina/E745-1.L500_SZAXPI015146-56_2_clean.fq.gz: max reads length: 90
/home/izuike/1_Zhang_2017/genomics_data/Illumina/E745-1.L500_SZAXPI015146-56_1_clean.fq.gz: max reads length: 90

Reads length: 90


===== Before start started. 


===== Read error correction started. 


===== Read error correction started. 


== Running: /sw/bioinfo/spades/3.15.5/rackham/bin/spades-hammer /home/izuike/output/spades_files/corrected/configs/config.info

  0:00:00.000     1M / 10M   INFO    General                 (main.cpp                  :  75)   Starting BayesHammer, built from refs/heads/spades_3.15.5, git revision e757b8216f9a038fb616e9551a2d4891b2d19ad7
  0:00:00.000     1M / 10M   INFO    General                 (main.cpp                  :  76)   Loading config from /home/izuike/output/spades_files/corrected/configs/config.info
  0:00:00.001     1M / 10M   INFO    General                 (main.cpp                  :  78)   Maximum # of threads to use (adjusted due to OMP capabilities): 2
  0:00:00.001     1M / 10M   INFO    General                 (memory_limit.cpp          :  54)   Memory limit set to 125 Gb
  0:00:00.001     1M / 10M   INFO    General                 (main.cpp                  :  86)   Trying to determine PHRED offset
  0:00:00.003     1M / 10M   INFO    General                 (main.cpp                  :  92)   Determined value is 64
  0:00:00.003     1M / 10M   INFO    General                 (hammer_tools.cpp          :  38)   Hamming graph threshold tau=1, k=21, subkmer positions = [ 0 10 ]
  0:00:00.003     1M / 10M   INFO    General                 (main.cpp                  : 113)   Size of aux. kmer data 24 bytes
     === ITERATION 0 begins ===
  0:00:00.005     1M / 10M   INFO    General                 (kmer_index_builder.hpp    : 243)   Splitting kmer instances into 16 files using 2 threads. This might take a while.
  0:00:00.006     1M / 10M   INFO    General                 (file_limit.hpp            :  42)   Open file limit set to 16384
  0:00:00.006     1M / 10M   INFO    General                 (kmer_splitter.hpp         :  93)   Memory available for splitting buffers: 20.8333 Gb
  0:00:00.006     1M / 10M   INFO    General                 (kmer_splitter.hpp         : 101)   Using cell size of 4194304
  0:00:00.006  1153M / 1153M INFO   K-mer Splitting          (kmer_data.cpp             :  97)   Processing /home/izuike/1_Zhang_2017/genomics_data/Illumina/E745-1.L500_SZAXPI015146-56_1_clean.fq.gz
  0:00:09.687  1153M / 1153M INFO   K-mer Splitting          (kmer_data.cpp             : 107)   Processed 478771 reads
  0:00:18.998  1153M / 1153M INFO   K-mer Splitting          (kmer_data.cpp             : 107)   Processed 959214 reads
  0:00:28.370  1153M / 1153M INFO   K-mer Splitting          (kmer_data.cpp             : 107)   Processed 1439054 reads
  0:00:33.176  1153M / 1153M INFO   K-mer Splitting          (kmer_data.cpp             : 107)   Processed 1666667 reads
  0:00:33.179  1153M / 1153M INFO   K-mer Splitting          (kmer_data.cpp             :  97)   Processing /home/izuike/1_Zhang_2017/genomics_data/Illumina/E745-1.L500_SZAXPI015146-56_2_clean.fq.gz
  0:00:42.827  1153M / 1153M INFO   K-mer Splitting          (kmer_data.cpp             : 107)   Processed 2160993 reads
  0:00:52.577  1153M / 1153M INFO   K-mer Splitting          (kmer_data.cpp             : 107)   Processed 2657789 reads
  0:01:02.288  1153M / 1153M INFO   K-mer Splitting          (kmer_data.cpp             : 107)   Processed 3153217 reads
  0:01:06.034  1153M / 1153M INFO   K-mer Splitting          (kmer_data.cpp             : 112)   Total 3333334 reads processed
  0:01:06.036     1M / 577M  INFO    General                 (kmer_index_builder.hpp    : 249)   Starting k-mer counting.
  0:01:09.477     1M / 577M  INFO    General                 (kmer_index_builder.hpp    : 260)   K-mer counting done. There are 15663048 kmers in total.
  0:01:09.485     1M / 577M  INFO   K-mer Index Building     (kmer_index_builder.hpp    : 395)   Building perfect hash indices
  0:01:10.510    12M / 577M  INFO   K-mer Index Building     (kmer_index_builder.hpp    : 431)   Index built. Total 15663048 kmers, 11324832 bytes occupied (5.78423 bits per kmer).
  0:01:10.510    12M / 577M  INFO   K-mer Counting           (kmer_data.cpp             : 354)   Arranging kmers in hash map order
  0:01:11.442   253M / 577M  INFO    General                 (main.cpp                  : 148)   Clustering Hamming graph.
  0:01:55.968   253M / 577M  INFO    General                 (main.cpp                  : 155)   Extracting clusters:
  0:01:55.968   253M / 577M  INFO    General                 (concurrent_dsu.cpp        :  18)   Connecting to root
  0:01:56.200   253M / 577M  INFO    General                 (concurrent_dsu.cpp        :  34)   Calculating counts
  0:02:00.723   525M / 577M  INFO    General                 (concurrent_dsu.cpp        :  63)   Writing down entries
  0:02:06.586   253M / 738M  INFO    General                 (main.cpp                  : 167)   Clustering done. Total clusters: 8070245
  0:02:06.599   132M / 738M  INFO   K-mer Counting           (kmer_data.cpp             : 371)   Collecting K-mer information, this takes a while.
  0:02:06.811   493M / 738M  INFO   K-mer Counting           (kmer_data.cpp             : 377)   Processing /home/izuike/1_Zhang_2017/genomics_data/Illumina/E745-1.L500_SZAXPI015146-56_1_clean.fq.gz
  0:04:13.141   493M / 738M  INFO   K-mer Counting           (kmer_data.cpp             : 377)   Processing /home/izuike/1_Zhang_2017/genomics_data/Illumina/E745-1.L500_SZAXPI015146-56_2_clean.fq.gz
  0:06:13.106   493M / 738M  INFO   K-mer Counting           (kmer_data.cpp             : 384)   Collection done, postprocessing.
  0:06:13.173   493M / 738M  INFO   K-mer Counting           (kmer_data.cpp             : 397)   There are 15663048 kmers in total. Among them 9561596 (61.0456%) are singletons.
  0:06:13.173   493M / 738M  INFO    General                 (main.cpp                  : 173)   Subclustering Hamming graph
  0:06:25.161   493M / 738M  INFO   Hamming Subclustering    (kmer_cluster.cpp          : 650)   Subclustering done. Total 8 non-read kmers were generated.
  0:06:25.162   493M / 738M  INFO   Hamming Subclustering    (kmer_cluster.cpp          : 651)   Subclustering statistics:
  0:06:25.162   493M / 738M  INFO   Hamming Subclustering    (kmer_cluster.cpp          : 652)     Total singleton hamming clusters: 4191924. Among them 2101676 (50.1363%) are good
  0:06:25.162   493M / 738M  INFO   Hamming Subclustering    (kmer_cluster.cpp          : 653)     Total singleton subclusters: 34550. Among them 34357 (99.4414%) are good
  0:06:25.162   493M / 738M  INFO   Hamming Subclustering    (kmer_cluster.cpp          : 654)     Total non-singleton subcluster centers: 3936977. Among them 1758459 (44.6652%) are good
  0:06:25.162   493M / 738M  INFO   Hamming Subclustering    (kmer_cluster.cpp          : 655)     Average size of non-trivial subcluster: 2.91369 kmers
  0:06:25.162   493M / 738M  INFO   Hamming Subclustering    (kmer_cluster.cpp          : 656)     Average number of sub-clusters per non-singleton cluster: 1.02403
  0:06:25.162   493M / 738M  INFO   Hamming Subclustering    (kmer_cluster.cpp          : 657)     Total solid k-mers: 3894492
  0:06:25.162   493M / 738M  INFO   Hamming Subclustering    (kmer_cluster.cpp          : 658)     Substitution probabilities: [4,4]((0.961392,0.00999078,0.0093316,0.0192861),(0.0363303,0.934423,0.00552387,0.0237232),(0.0236659,0.00551682,0.934453,0.0363645),(0.0192319,0.00930048,0.00996688,0.961501))
  0:06:25.173   493M / 738M  INFO    General                 (main.cpp                  : 178)   Finished clustering.
  0:06:25.173   493M / 738M  INFO    General                 (main.cpp                  : 197)   Starting solid k-mers expansion in 2 threads.
  0:07:30.495   493M / 738M  INFO    General                 (main.cpp                  : 218)   Solid k-mers iteration 0 produced 30635 new k-mers.
  0:08:32.644   493M / 738M  INFO    General                 (main.cpp                  : 218)   Solid k-mers iteration 1 produced 479 new k-mers.
  0:09:34.150   493M / 738M  INFO    General                 (main.cpp                  : 218)   Solid k-mers iteration 2 produced 0 new k-mers.
  0:09:34.150   493M / 738M  INFO    General                 (main.cpp                  : 222)   Solid k-mers finalized
  0:09:34.150   493M / 738M  INFO    General                 (hammer_tools.cpp          : 222)   Starting read correction in 2 threads.
  0:09:34.150   493M / 738M  INFO    General                 (hammer_tools.cpp          : 235)   Correcting pair of reads: /home/izuike/1_Zhang_2017/genomics_data/Illumina/E745-1.L500_SZAXPI015146-56_1_clean.fq.gz and /home/izuike/1_Zhang_2017/genomics_data/Illumina/E745-1.L500_SZAXPI015146-56_2_clean.fq.gz
  0:09:35.185   636M / 738M  INFO    General                 (hammer_tools.cpp          : 170)   Prepared batch 0 of 200000 reads.
  0:09:39.518   649M / 738M  INFO    General                 (hammer_tools.cpp          : 177)   Processed batch 0
  0:09:39.872   649M / 738M  INFO    General                 (hammer_tools.cpp          : 187)   Written batch 0
  0:09:40.803   649M / 738M  INFO    General                 (hammer_tools.cpp          : 170)   Prepared batch 1 of 200000 reads.
  0:09:45.123   649M / 738M  INFO    General                 (hammer_tools.cpp          : 177)   Processed batch 1
  0:09:45.481   649M / 738M  INFO    General                 (hammer_tools.cpp          : 187)   Written batch 1
  0:09:46.438   649M / 738M  INFO    General                 (hammer_tools.cpp          : 170)   Prepared batch 2 of 200000 reads.
  0:09:51.239   649M / 738M  INFO    General                 (hammer_tools.cpp          : 177)   Processed batch 2
  0:09:51.622   649M / 738M  INFO    General                 (hammer_tools.cpp          : 187)   Written batch 2
  0:09:52.590   649M / 738M  INFO    General                 (hammer_tools.cpp          : 170)   Prepared batch 3 of 200000 reads.
  0:09:57.276   649M / 738M  INFO    General                 (hammer_tools.cpp          : 177)   Processed batch 3
  0:09:57.652   649M / 738M  INFO    General                 (hammer_tools.cpp          : 187)   Written batch 3
  0:09:58.641   649M / 738M  INFO    General                 (hammer_tools.cpp          : 170)   Prepared batch 4 of 200000 reads.
  0:10:03.389   649M / 738M  INFO    General                 (hammer_tools.cpp          : 177)   Processed batch 4
  0:10:03.776   649M / 738M  INFO    General                 (hammer_tools.cpp          : 187)   Written batch 4
  0:10:04.768   649M / 738M  INFO    General                 (hammer_tools.cpp          : 170)   Prepared batch 5 of 200000 reads.
  0:10:09.605   649M / 738M  INFO    General                 (hammer_tools.cpp          : 177)   Processed batch 5
  0:10:09.977   649M / 738M  INFO    General                 (hammer_tools.cpp          : 187)   Written batch 5
  0:10:10.939   649M / 738M  INFO    General                 (hammer_tools.cpp          : 170)   Prepared batch 6 of 200000 reads.
  0:10:15.633   649M / 738M  INFO    General                 (hammer_tools.cpp          : 177)   Processed batch 6
  0:10:16.001   649M / 738M  INFO    General                 (hammer_tools.cpp          : 187)   Written batch 6
  0:10:16.976   649M / 738M  INFO    General                 (hammer_tools.cpp          : 170)   Prepared batch 7 of 200000 reads.
  0:10:21.689   649M / 738M  INFO    General                 (hammer_tools.cpp          : 177)   Processed batch 7
  0:10:22.055   649M / 738M  INFO    General                 (hammer_tools.cpp          : 187)   Written batch 7
  0:10:22.372   649M / 738M  INFO    General                 (hammer_tools.cpp          : 170)   Prepared batch 8 of 66667 reads.
  0:10:24.383   649M / 738M  INFO    General                 (hammer_tools.cpp          : 177)   Processed batch 8
  0:10:24.512   649M / 738M  INFO    General                 (hammer_tools.cpp          : 187)   Written batch 8
  0:10:27.780   493M / 738M  INFO    General                 (hammer_tools.cpp          : 276)   Correction done. Changed 344277 bases in 219848 reads.
  0:10:27.789   493M / 738M  INFO    General                 (hammer_tools.cpp          : 277)   Failed to correct 37133 bases out of 295220331.
  0:10:27.834     1M / 738M  INFO    General                 (main.cpp                  : 255)   Saving corrected dataset description to /home/izuike/output/spades_files/corrected/corrected.yaml
  0:10:27.845     1M / 738M  INFO    General                 (main.cpp                  : 262)   All done. Exiting.

===== Read error correction finished. 


===== corrected reads compression started. 


== Running: /usr/bin/python /sw/bioinfo/spades/3.15.5/rackham/share/spades/spades_pipeline/scripts/compress_all.py --input_file /home/izuike/output/spades_files/corrected/corrected.yaml --ext_python_modules_home /sw/bioinfo/spades/3.15.5/rackham/share/spades --max_threads 16 --output_dir /home/izuike/output/spades_files/corrected --not_used_yaml_file /home/izuike/output/spades_files/corrected/dont_correct.yaml --gzip_output

== Compressing corrected reads (with pigz)
== Files to compress: ['/home/izuike/output/spades_files/corrected/E745-1.L500_SZAXPI015146-56_2_clean.fq.00.0_0.cor.fastq', '/home/izuike/output/spades_files/corrected/E745-1.L500_SZAXPI015146-56__unpaired.00.0_0.cor.fastq', '/home/izuike/output/spades_files/corrected/E745-1.L500_SZAXPI015146-56_1_clean.fq.00.0_0.cor.fastq']
== Files compression is finished
== Info about datasets not used in error correction stage is loaded
== Dataset yaml file is updated

===== corrected reads compression finished. 


===== Read error correction finished. 


===== Assembling started. 


===== K55 started. 


== Running: /sw/bioinfo/spades/3.15.5/rackham/bin/spades-core /home/izuike/output/spades_files/K55/configs/config.info

  0:00:00.000     1M / 10M   INFO    General                 (main.cpp                  :  99)   Loaded config from /home/izuike/output/spades_files/K55/configs/config.info
  0:00:00.000     1M / 10M   INFO    General                 (memory_limit.cpp          :  54)   Memory limit set to 125 Gb
  0:00:00.000     1M / 10M   INFO    General                 (main.cpp                  : 107)   Starting SPAdes, built from refs/heads/spades_3.15.5, git revision e757b8216f9a038fb616e9551a2d4891b2d19ad7
  0:00:00.000     1M / 10M   INFO    General                 (main.cpp                  : 108)   Maximum k-mer length: 128
  0:00:00.000     1M / 10M   INFO    General                 (main.cpp                  : 109)   Assembling dataset (/home/izuike/output/spades_files/dataset.info) with K=55
  0:00:00.000     1M / 10M   INFO    General                 (main.cpp                  : 110)   Maximum # of threads to use (adjusted due to OMP capabilities): 2
  0:00:00.000     1M / 10M   INFO    General                 (pipeline.cpp              : 212)   SPAdes started
  0:00:00.000     1M / 10M   INFO    General                 (pipeline.cpp              : 225)   Starting from stage: read_conversion
  0:00:00.000     1M / 10M   INFO    General                 (pipeline.cpp              : 231)   Two-step repeat resolution disabled
  0:00:00.000     1M / 10M   INFO   GraphCore                (graph_core.hpp            : 672)   Graph created, vertex min_id: 3, edge min_id: 3
  0:00:00.000     1M / 10M   INFO   GraphCore                (graph_core.hpp            : 673)   Vertex size: 48, edge size: 40
  0:00:00.000     1M / 10M   INFO    General                 (edge_index.hpp            : 113)   Size of edge index entries: 12/8
  0:00:00.000     1M / 10M   INFO    General                 (pipeline.cpp              : 242)   Will need read mapping, kmer mapper will be attached
  0:00:00.000     1M / 10M   INFO   StageManager             (stage.cpp                 : 185)   STAGE == Binary Read Conversion (id: read_conversion)
  0:00:00.005     1M / 10M   INFO    General                 (read_converter.cpp        :  72)   Converting reads to binary format for library #0 (takes a while)
  0:00:00.005     1M / 10M   INFO    General                 (read_converter.cpp        :  73)   Converting paired reads
  0:00:00.488    21M / 50M   INFO    General                 (binary_converter.cpp      :  96)   16384 reads processed
  0:00:00.498    21M / 52M   INFO    General                 (binary_converter.cpp      :  96)   32768 reads processed
  0:00:00.518    21M / 55M   INFO    General                 (binary_converter.cpp      :  96)   65536 reads processed
  0:00:00.799    14M / 75M   INFO    General                 (binary_converter.cpp      :  96)   131072 reads processed
  0:00:01.244     8M / 80M   INFO    General                 (binary_converter.cpp      :  96)   262144 reads processed
  0:00:02.247     0M / 91M   INFO    General                 (binary_converter.cpp      :  96)   524288 reads processed
  0:00:04.491     0M / 101M  INFO    General                 (binary_converter.cpp      :  96)   1048576 reads processed
  0:00:06.877     0M / 104M  INFO    General                 (binary_converter.cpp      : 111)   1659427 reads written
  0:00:06.881     0M / 104M  INFO    General                 (read_converter.cpp        :  86)   Converting single reads
  0:00:06.914     0M / 104M  INFO    General                 (binary_converter.cpp      : 111)   7231 reads written
  0:00:06.917     0M / 104M  INFO    General                 (read_converter.cpp        :  92)   Converting merged reads
  0:00:06.922     0M / 104M  INFO    General                 (binary_converter.cpp      : 111)   0 reads written
  0:00:07.950     0M / 104M  INFO    General                 (read_converter.cpp        :  72)   Converting reads to binary format for library #1 (takes a while)
  0:00:07.953     0M / 104M  INFO    General                 (read_converter.cpp        :  73)   Converting paired reads
  0:00:07.958     0M / 104M  INFO    General                 (binary_converter.cpp      : 111)   0 reads written
  0:00:07.960     0M / 104M  INFO    General                 (read_converter.cpp        :  86)   Converting single reads
  0:00:13.697     0M / 236M  INFO    General                 (binary_converter.cpp      :  96)   16384 reads processed
  0:00:13.792     0M / 236M  INFO    General                 (binary_converter.cpp      :  96)   32768 reads processed
  0:00:14.828     0M / 236M  INFO    General                 (binary_converter.cpp      : 111)   39144 reads written
  0:00:14.831     0M / 236M  INFO    General                 (read_converter.cpp        :  92)   Converting merged reads
  0:00:14.836     0M / 236M  INFO    General                 (binary_converter.cpp      : 111)   0 reads written
  0:00:15.150     1M / 236M  INFO   StageManager             (stage.cpp                 : 185)   STAGE == de Bruijn graph construction (id: construction)
  0:00:15.190     1M / 236M  INFO    General                 (construction.cpp          : 153)   Max read length 90
  0:00:15.193     1M / 236M  INFO    General                 (construction.cpp          : 159)   Average read length 88.6054
  0:00:15.197     1M / 236M  INFO    General                 (stage.cpp                 : 117)   PROCEDURE == k+1-mer counting (id: construction:kpomer_counting)
  0:00:15.198     1M / 236M  INFO    General                 (kmer_index_builder.hpp    : 243)   Splitting kmer instances into 20 files using 2 threads. This might take a while.
  0:00:15.204     1M / 236M  INFO    General                 (file_limit.hpp            :  42)   Open file limit set to 16384
  0:00:15.211     1M / 236M  INFO    General                 (kmer_splitter.hpp         :  93)   Memory available for splitting buffers: 20.8333 Gb
  0:00:15.214     1M / 236M  INFO    General                 (kmer_splitter.hpp         : 101)   Using cell size of 1677721
  0:00:26.093  1161M / 1161M INFO    General                 (kmer_splitters.hpp        : 125)   Processed 3969234 reads
  0:00:32.033  1161M / 1161M INFO    General                 (kmer_splitters.hpp        : 125)   Processed 6652170 reads
  0:00:32.033     1M / 1133M INFO    General                 (kmer_splitters.hpp        : 131)   Used 6652170 reads
  0:00:32.120     1M / 1133M INFO    General                 (kmer_index_builder.hpp    : 249)   Starting k-mer counting.
  0:00:32.852     1M / 1133M INFO    General                 (kmer_index_builder.hpp    : 260)   K-mer counting done. There are 3224784 kmers in total.
  0:00:32.852     1M / 1133M INFO    General                 (stage.cpp                 : 117)   PROCEDURE == Extension index construction (id: construction:extension_index_construction)
  0:00:32.859     1M / 1133M INFO   K-mer Index Building     (kmer_index_builder.hpp    : 438)   Building kmer index
  0:00:32.860     1M / 1133M INFO    General                 (kmer_index_builder.hpp    : 243)   Splitting kmer instances into 20 files using 2 threads. This might take a while.
  0:00:32.861     1M / 1133M INFO    General                 (file_limit.hpp            :  42)   Open file limit set to 16384
  0:00:32.861     1M / 1133M INFO    General                 (kmer_splitter.hpp         :  93)   Memory available for splitting buffers: 20.8333 Gb
  0:00:32.861     1M / 1133M INFO    General                 (kmer_splitter.hpp         : 101)   Using cell size of 1677721
  0:00:33.946  1161M / 1161M INFO    General                 (kmer_splitters.hpp        : 194)   Processed 3224784 kmers
  0:00:33.947  1161M / 1161M INFO    General                 (kmer_splitters.hpp        : 199)   Used 3224784 kmers.
  0:00:33.947     1M / 1133M INFO    General                 (kmer_index_builder.hpp    : 249)   Starting k-mer counting.
  0:00:34.514     1M / 1133M INFO    General                 (kmer_index_builder.hpp    : 260)   K-mer counting done. There are 3229679 kmers in total.
  0:00:34.517     1M / 1133M INFO   K-mer Index Building     (kmer_index_builder.hpp    : 395)   Building perfect hash indices
  0:00:34.842     3M / 1133M INFO   K-mer Index Building     (kmer_index_builder.hpp    : 431)   Index built. Total 3229679 kmers, 2347680 bytes occupied (5.81527 bits per kmer).
  0:00:34.843     3M / 1133M INFO    General                 (kmer_index_builder.hpp    : 169)   Merging final buckets.
  0:00:35.359     6M / 1133M INFO   DeBruijnExtensionIndexBu (kmer_extension_index_build: 100)   Building k-mer extensions from k+1-mers
  0:00:35.987     6M / 1133M INFO   DeBruijnExtensionIndexBu (kmer_extension_index_build: 105)   Building k-mer extensions from k+1-mers finished.
  0:00:35.990     6M / 1133M INFO    General                 (stage.cpp                 : 117)   PROCEDURE == Condensing graph (id: construction:graph_condensing)
  0:00:35.996     6M / 1133M INFO   UnbranchingPathExtractor (debruijn_graph_constructor: 354)   Extracting unbranching paths
  0:00:36.652     9M / 1133M INFO   UnbranchingPathExtractor (debruijn_graph_constructor: 373)   Extracting unbranching paths finished. 40380 sequences extracted
  0:00:37.057     9M / 1133M INFO   UnbranchingPathExtractor (debruijn_graph_constructor: 309)   Collecting perfect loops
  0:00:37.233     9M / 1133M INFO   UnbranchingPathExtractor (debruijn_graph_constructor: 342)   Collecting perfect loops finished. 0 loops collected
  0:00:37.237     9M / 1133M INFO    General                 (debruijn_graph_constructor: 487)   Total 80760 edges to create
  0:00:37.237    12M / 1133M INFO    General                 (debruijn_graph_constructor: 489)   Collecting link records
  0:00:37.275    13M / 1133M INFO    General                 (debruijn_graph_constructor: 491)   Ordering link records
  0:00:37.278    13M / 1133M INFO    General                 (debruijn_graph_constructor: 493)   Sorting done
  0:00:37.279    14M / 1133M INFO    General                 (debruijn_graph_constructor: 503)   Total 45275 vertices to create
  0:00:37.280    18M / 1133M INFO    General                 (debruijn_graph_constructor: 506)   Connecting the graph
  0:00:37.311    16M / 1133M INFO    General                 (stage.cpp                 : 117)   PROCEDURE == Filling coverage indices (PHM) (id: construction:coverage_filling_phm)
  0:00:37.311    16M / 1133M INFO   K-mer Index Building     (kmer_index_builder.hpp    : 395)   Building perfect hash indices
  0:00:37.523    18M / 1133M INFO   K-mer Index Building     (kmer_index_builder.hpp    : 431)   Index built. Total 3224784 kmers, 2344200 bytes occupied (5.81546 bits per kmer).
  0:00:37.529    31M / 1133M INFO    General                 (coverage_hash_map_builder.:  47)   Collecting k-mer coverage information from reads, this takes a while.
  0:00:49.589    31M / 1133M INFO    General                 (construction.cpp          : 430)   Filling coverage and flanking coverage from PHM
  0:00:50.076    31M / 1133M INFO    General                 (coverage_filling.hpp      :  82)   Processed 80757 edges
  0:00:50.117    10M / 1133M INFO   StageManager             (stage.cpp                 : 185)   STAGE == EC Threshold Finding (id: ec_threshold_finder)
  0:00:50.118    10M / 1133M INFO    General                 (kmer_coverage_model.cpp   : 181)   Kmer coverage valley at: 4
  0:00:50.118    10M / 1133M INFO    General                 (kmer_coverage_model.cpp   : 201)   K-mer histogram maximum: 30
  0:00:50.118    10M / 1133M INFO    General                 (kmer_coverage_model.cpp   : 237)   Estimated median coverage: 32. Coverage mad: 8.8956
  0:00:50.119    10M / 1133M INFO    General                 (kmer_coverage_model.cpp   : 259)   Fitting coverage model
  0:00:50.163    10M / 1133M INFO    General                 (kmer_coverage_model.cpp   : 295)   ... iteration 2
  0:00:50.280    10M / 1133M INFO    General                 (kmer_coverage_model.cpp   : 295)   ... iteration 4
  0:00:50.683    10M / 1133M INFO    General                 (kmer_coverage_model.cpp   : 295)   ... iteration 8
  0:00:51.442    10M / 1133M INFO    General                 (kmer_coverage_model.cpp   : 295)   ... iteration 16
  0:00:52.983    10M / 1133M INFO    General                 (kmer_coverage_model.cpp   : 295)   ... iteration 32
  0:00:54.942    10M / 1133M INFO    General                 (kmer_coverage_model.cpp   : 309)   Fitted mean coverage: 31.762. Fitted coverage std. dev: 7.63061
  0:00:54.944    10M / 1133M INFO    General                 (kmer_coverage_model.cpp   : 334)   Probability of erroneous kmer at valley: 0.111337
  0:00:54.944    10M / 1133M INFO    General                 (kmer_coverage_model.cpp   : 358)   Preliminary threshold calculated as: 6
  0:00:54.944    10M / 1133M INFO    General                 (kmer_coverage_model.cpp   : 362)   Threshold adjusted to: 6
  0:00:54.944    10M / 1133M INFO    General                 (kmer_coverage_model.cpp   : 375)   Estimated genome size (ignoring repeats): 2949924
  0:00:54.945    10M / 1133M INFO    General                 (genomic_info_filler.cpp   :  55)   Mean coverage was calculated as 31.762
  0:00:54.945    10M / 1133M INFO    General                 (genomic_info_filler.cpp   :  70)   EC coverage threshold value was calculated as 6
  0:00:54.945    10M / 1133M INFO    General                 (genomic_info_filler.cpp   :  71)   Trusted kmer low bound: 0
  0:00:54.945    10M / 1133M INFO   StageManager             (stage.cpp                 : 185)   STAGE == Gap Closer (id: early_gapcloser)
  0:00:54.951    19M / 1133M INFO    General                 (edge_index.hpp            : 113)   Size of edge index entries: 12/8
  0:00:54.963    20M / 1133M INFO    General                 (gap_closer.cpp            : 101)   Total edges in tip neighborhood: 27673 out of 80757, length: 408174
  0:00:54.965    20M / 1133M INFO    General                 (edge_index.hpp            : 167)   Using small index (max_id = 81166)
  0:00:54.982    20M / 1133M INFO   K-mer Index Building     (kmer_index_builder.hpp    : 395)   Building perfect hash indices
  0:00:55.059    20M / 1133M INFO   K-mer Index Building     (kmer_index_builder.hpp    : 431)   Index built. Total 269545 kmers, 195424 bytes occupied (5.80012 bits per kmer).
  0:00:55.060    23M / 1133M INFO    General                 (edge_index_builders.hpp   : 265)   Collecting edge information from graph, this takes a while.
  0:00:57.792    23M / 1133M INFO    General                 (sequence_mapper_notifier.h:  77)   Processed 200000 reads
  0:00:57.830    22M / 1133M INFO    General                 (sequence_mapper_notifier.h:  77)   Processed 400000 reads
  0:01:00.506    22M / 1133M INFO    General                 (sequence_mapper_notifier.h:  77)   Processed 600000 reads
  0:01:00.540    22M / 1133M INFO    General                 (sequence_mapper_notifier.h:  77)   Processed 800000 reads
  0:01:03.213    22M / 1133M INFO    General                 (sequence_mapper_notifier.h:  77)   Processed 1000000 reads
  0:01:03.235    22M / 1133M INFO    General                 (sequence_mapper_notifier.h:  77)   Processed 1200000 reads
  0:01:06.360    22M / 1133M INFO    General                 (sequence_mapper_notifier.h:  95)   Total 1659427 reads processed
  0:01:06.367    19M / 1133M INFO    General                 (gap_closer.cpp            : 452)   Initializing gap closer
  0:01:06.367    19M / 1133M INFO   GapCloser                (gap_closer.cpp            : 359)   Closing short gaps
  0:01:06.396    19M / 1133M INFO   GapCloser                (gap_closer.cpp            : 391)   Closing short gaps complete: filled 0 gaps after checking 20 candidates
  0:01:06.398    19M / 1133M INFO    General                 (gap_closer.cpp            : 456)   Gap closer done
  0:01:06.399    10M / 1133M INFO   StageManager             (stage.cpp                 : 185)   STAGE == Raw Simplification (id: raw_simplification)
  0:01:06.400    10M / 1133M INFO    General                 (simplification.cpp        : 127)   PROCEDURE == Initial cleaning
  0:01:06.400    10M / 1133M INFO    General                 (graph_simplification.hpp  : 662)   Flanking coverage based disconnection disabled
  0:01:06.400    10M / 1133M INFO   Simplification           (parallel_processing.hpp   : 167)   Running Self conjugate edge remover
  0:01:06.404    10M / 1133M INFO   Simplification           (parallel_processing.hpp   : 170)   Self conjugate edge remover triggered 0 times
  0:01:06.404    10M / 1133M INFO   Simplification           (parallel_processing.hpp   : 167)   Running Initial tip clipper
  0:01:06.597     9M / 1133M INFO   Simplification           (parallel_processing.hpp   : 170)   Initial tip clipper triggered 16397 times
  0:01:06.598     9M / 1133M INFO   Simplification           (parallel_processing.hpp   : 167)   Running Initial ec remover
  0:01:06.603     9M / 1133M INFO   Simplification           (parallel_processing.hpp   : 170)   Initial ec remover triggered 58 times
  0:01:06.603     9M / 1133M INFO   Simplification           (parallel_processing.hpp   : 167)   Running Initial isolated edge remover
  0:01:06.612     9M / 1133M INFO   Simplification           (parallel_processing.hpp   : 170)   Initial isolated edge remover triggered 5617 times
  0:01:06.612     9M / 1133M INFO   StageManager             (stage.cpp                 : 185)   STAGE == Simplification (id: simplification)
  0:01:06.612     9M / 1133M INFO    General                 (simplification.cpp        : 368)   Graph simplification started
  0:01:06.613     9M / 1133M INFO    General                 (graph_simplification.hpp  : 634)   Creating parallel br instance
  0:01:06.613     9M / 1133M INFO    General                 (simplification.cpp        : 373)   PROCEDURE == Simplification cycle, iteration 1
  0:01:06.613     9M / 1133M INFO   Simplification           (parallel_processing.hpp   : 167)   Running Tip clipper
  0:01:06.614     9M / 1133M INFO   Simplification           (parallel_processing.hpp   : 170)   Tip clipper triggered 10 times
  0:01:06.614     9M / 1133M INFO   Simplification           (parallel_processing.hpp   : 167)   Running Bulge remover
  0:01:06.656    11M / 1133M INFO   Simplification           (parallel_processing.hpp   : 170)   Bulge remover triggered 274 times
  0:01:06.656    11M / 1133M INFO   Simplification           (parallel_processing.hpp   : 167)   Running Low coverage edge remover
  0:01:06.657    11M / 1133M INFO   Simplification           (parallel_processing.hpp   : 170)   Low coverage edge remover triggered 0 times
  0:01:06.657    11M / 1133M INFO    General                 (simplification.cpp        : 373)   PROCEDURE == Simplification cycle, iteration 2
  0:01:06.657    11M / 1133M INFO   Simplification           (parallel_processing.hpp   : 167)   Running Tip clipper
  0:01:06.658    11M / 1133M INFO   Simplification           (parallel_processing.hpp   : 170)   Tip clipper triggered 0 times
  0:01:06.658    11M / 1133M INFO   Simplification           (parallel_processing.hpp   : 167)   Running Bulge remover
  0:01:06.658    11M / 1133M INFO   Simplification           (parallel_processing.hpp   : 170)   Bulge remover triggered 0 times
  0:01:06.658    11M / 1133M INFO   Simplification           (parallel_processing.hpp   : 167)   Running Low coverage edge remover
  0:01:06.658    11M / 1133M INFO   Simplification           (parallel_processing.hpp   : 170)   Low coverage edge remover triggered 0 times
  0:01:06.659    11M / 1133M INFO    General                 (simplification.cpp        : 373)   PROCEDURE == Simplification cycle, iteration 3
  0:01:06.659    11M / 1133M INFO   Simplification           (parallel_processing.hpp   : 167)   Running Tip clipper
  0:01:06.659    11M / 1133M INFO   Simplification           (parallel_processing.hpp   : 170)   Tip clipper triggered 0 times
  0:01:06.659    11M / 1133M INFO   Simplification           (parallel_processing.hpp   : 167)   Running Bulge remover
  0:01:06.660    11M / 1133M INFO   Simplification           (parallel_processing.hpp   : 170)   Bulge remover triggered 0 times
  0:01:06.660    11M / 1133M INFO   Simplification           (parallel_processing.hpp   : 167)   Running Low coverage edge remover
  0:01:06.660    11M / 1133M INFO   Simplification           (parallel_processing.hpp   : 170)   Low coverage edge remover triggered 0 times
  0:01:06.660    11M / 1133M INFO    General                 (simplification.cpp        : 373)   PROCEDURE == Simplification cycle, iteration 4
  0:01:06.660    11M / 1133M INFO   Simplification           (parallel_processing.hpp   : 167)   Running Tip clipper
  0:01:06.661    11M / 1133M INFO   Simplification           (parallel_processing.hpp   : 170)   Tip clipper triggered 0 times
  0:01:06.661    11M / 1133M INFO   Simplification           (parallel_processing.hpp   : 167)   Running Bulge remover
  0:01:06.661    11M / 1133M INFO   Simplification           (parallel_processing.hpp   : 170)   Bulge remover triggered 0 times
  0:01:06.661    11M / 1133M INFO   Simplification           (parallel_processing.hpp   : 167)   Running Low coverage edge remover
  0:01:06.662    11M / 1133M INFO   Simplification           (parallel_processing.hpp   : 170)   Low coverage edge remover triggered 1 times
  0:01:06.662    11M / 1133M INFO    General                 (simplification.cpp        : 373)   PROCEDURE == Simplification cycle, iteration 5
  0:01:06.662    11M / 1133M INFO   Simplification           (parallel_processing.hpp   : 167)   Running Tip clipper
  0:01:06.662    11M / 1133M INFO   Simplification           (parallel_processing.hpp   : 170)   Tip clipper triggered 0 times
  0:01:06.662    11M / 1133M INFO   Simplification           (parallel_processing.hpp   : 167)   Running Bulge remover
  0:01:06.663    11M / 1133M INFO   Simplification           (parallel_processing.hpp   : 170)   Bulge remover triggered 0 times
  0:01:06.663    11M / 1133M INFO   Simplification           (parallel_processing.hpp   : 167)   Running Low coverage edge remover
  0:01:06.663    11M / 1133M INFO   Simplification           (parallel_processing.hpp   : 170)   Low coverage edge remover triggered 1 times
  0:01:06.663    11M / 1133M INFO    General                 (simplification.cpp        : 373)   PROCEDURE == Simplification cycle, iteration 6
  0:01:06.664    11M / 1133M INFO   Simplification           (parallel_processing.hpp   : 167)   Running Tip clipper
  0:01:06.664    11M / 1133M INFO   Simplification           (parallel_processing.hpp   : 170)   Tip clipper triggered 0 times
  0:01:06.664    11M / 1133M INFO   Simplification           (parallel_processing.hpp   : 167)   Running Bulge remover
  0:01:06.664    11M / 1133M INFO   Simplification           (parallel_processing.hpp   : 170)   Bulge remover triggered 0 times
  0:01:06.664    11M / 1133M INFO   Simplification           (parallel_processing.hpp   : 167)   Running Low coverage edge remover
  0:01:06.665    11M / 1133M INFO   Simplification           (parallel_processing.hpp   : 170)   Low coverage edge remover triggered 0 times
  0:01:06.665    11M / 1133M INFO    General                 (simplification.cpp        : 373)   PROCEDURE == Simplification cycle, iteration 7
  0:01:06.665    11M / 1133M INFO   Simplification           (parallel_processing.hpp   : 167)   Running Tip clipper
  0:01:06.665    11M / 1133M INFO   Simplification           (parallel_processing.hpp   : 170)   Tip clipper triggered 0 times
  0:01:06.665    11M / 1133M INFO   Simplification           (parallel_processing.hpp   : 167)   Running Bulge remover
  0:01:06.666    11M / 1133M INFO   Simplification           (parallel_processing.hpp   : 170)   Bulge remover triggered 0 times
  0:01:06.666    11M / 1133M INFO   Simplification           (parallel_processing.hpp   : 167)   Running Low coverage edge remover
  0:01:06.666    11M / 1133M INFO   Simplification           (parallel_processing.hpp   : 170)   Low coverage edge remover triggered 0 times
  0:01:06.666    11M / 1133M INFO    General                 (simplification.cpp        : 373)   PROCEDURE == Simplification cycle, iteration 8
  0:01:06.667    11M / 1133M INFO   Simplification           (parallel_processing.hpp   : 167)   Running Tip clipper
  0:01:06.667    11M / 1133M INFO   Simplification           (parallel_processing.hpp   : 170)   Tip clipper triggered 0 times
  0:01:06.667    11M / 1133M INFO   Simplification           (parallel_processing.hpp   : 167)   Running Bulge remover
  0:01:06.667    11M / 1133M INFO   Simplification           (parallel_processing.hpp   : 170)   Bulge remover triggered 0 times
  0:01:06.667    11M / 1133M INFO   Simplification           (parallel_processing.hpp   : 167)   Running Low coverage edge remover
  0:01:06.668    11M / 1133M INFO   Simplification           (parallel_processing.hpp   : 170)   Low coverage edge remover triggered 0 times
  0:01:06.668    11M / 1133M INFO    General                 (simplification.cpp        : 373)   PROCEDURE == Simplification cycle, iteration 9
  0:01:06.668    11M / 1133M INFO   Simplification           (parallel_processing.hpp   : 167)   Running Tip clipper
  0:01:06.668    11M / 1133M INFO   Simplification           (parallel_processing.hpp   : 170)   Tip clipper triggered 0 times
  0:01:06.668    11M / 1133M INFO   Simplification           (parallel_processing.hpp   : 167)   Running Bulge remover
  0:01:06.668    11M / 1133M INFO   Simplification           (parallel_processing.hpp   : 170)   Bulge remover triggered 0 times
  0:01:06.668    11M / 1133M INFO   Simplification           (parallel_processing.hpp   : 167)   Running Low coverage edge remover
  0:01:06.668    11M / 1133M INFO   Simplification           (parallel_processing.hpp   : 170)   Low coverage edge remover triggered 0 times
  0:01:06.668    11M / 1133M INFO    General                 (simplification.cpp        : 373)   PROCEDURE == Simplification cycle, iteration 10
  0:01:06.668    11M / 1133M INFO   Simplification           (parallel_processing.hpp   : 167)   Running Tip clipper
  0:01:06.668    11M / 1133M INFO   Simplification           (parallel_processing.hpp   : 170)   Tip clipper triggered 0 times
  0:01:06.668    11M / 1133M INFO   Simplification           (parallel_processing.hpp   : 167)   Running Bulge remover
  0:01:06.668    11M / 1133M INFO   Simplification           (parallel_processing.hpp   : 170)   Bulge remover triggered 0 times
  0:01:06.668    11M / 1133M INFO   Simplification           (parallel_processing.hpp   : 167)   Running Low coverage edge remover
  0:01:06.668    11M / 1133M INFO   Simplification           (parallel_processing.hpp   : 170)   Low coverage edge remover triggered 1 times
  0:01:06.668    11M / 1133M INFO    General                 (simplification.cpp        : 373)   PROCEDURE == Simplification cycle, iteration 11
  0:01:06.668    11M / 1133M INFO   Simplification           (parallel_processing.hpp   : 167)   Running Tip clipper
  0:01:06.668    11M / 1133M INFO   Simplification           (parallel_processing.hpp   : 170)   Tip clipper triggered 0 times
  0:01:06.668    11M / 1133M INFO   Simplification           (parallel_processing.hpp   : 167)   Running Bulge remover
  0:01:06.669    11M / 1133M INFO   Simplification           (parallel_processing.hpp   : 170)   Bulge remover triggered 0 times
  0:01:06.669    11M / 1133M INFO   Simplification           (parallel_processing.hpp   : 167)   Running Low coverage edge remover
  0:01:06.669    11M / 1133M INFO   Simplification           (parallel_processing.hpp   : 170)   Low coverage edge remover triggered 0 times
  0:01:06.669    11M / 1133M INFO   StageManager             (stage.cpp                 : 185)   STAGE == Gap Closer (id: late_gapcloser)
  0:01:06.674    20M / 1133M INFO    General                 (edge_index.hpp            : 113)   Size of edge index entries: 12/8
  0:01:06.674    20M / 1133M INFO    General                 (gap_closer.cpp            : 101)   Total edges in tip neighborhood: 0 out of 2162, length: 0
  0:01:06.674    20M / 1133M INFO    General                 (gap_closer.cpp            : 437)   No tips in graph, skipping gap closer
  0:01:06.675    11M / 1133M INFO   StageManager             (stage.cpp                 : 185)   STAGE == Simplification Cleanup (id: simplification_cleanup)
  0:01:06.675    11M / 1133M INFO    General                 (simplification.cpp        : 176)   PROCEDURE == Post simplification
  0:01:06.675    11M / 1133M INFO    General                 (graph_simplification.hpp  : 448)   Disconnection of relatively low covered edges disabled
  0:01:06.675    11M / 1133M INFO    General                 (graph_simplification.hpp  : 485)   Complex tip clipping disabled
  0:01:06.675    11M / 1133M INFO    General                 (graph_simplification.hpp  : 634)   Creating parallel br instance
  0:01:06.675    11M / 1133M INFO   Simplification           (parallel_processing.hpp   : 167)   Running Tip clipper
  0:01:06.675    11M / 1133M INFO   Simplification           (parallel_processing.hpp   : 170)   Tip clipper triggered 0 times
  0:01:06.675    11M / 1133M INFO   Simplification           (parallel_processing.hpp   : 167)   Running Bulge remover
  0:01:06.682    11M / 1133M INFO   Simplification           (parallel_processing.hpp   : 170)   Bulge remover triggered 0 times
  0:01:06.683    11M / 1133M INFO   Simplification           (parallel_processing.hpp   : 167)   Running Tip clipper
  0:01:06.683    11M / 1133M INFO   Simplification           (parallel_processing.hpp   : 170)   Tip clipper triggered 0 times
  0:01:06.683    11M / 1133M INFO   Simplification           (parallel_processing.hpp   : 167)   Running Bulge remover
  0:01:06.684    11M / 1133M INFO   Simplification           (parallel_processing.hpp   : 170)   Bulge remover triggered 0 times
  0:01:06.684    11M / 1133M INFO    General                 (simplification.cpp        : 327)   Disrupting self-conjugate edges
  0:01:06.685    11M / 1133M INFO   Simplification           (parallel_processing.hpp   : 167)   Running Removing isolated edges
  0:01:06.686    11M / 1133M INFO   Simplification           (parallel_processing.hpp   : 170)   Removing isolated edges triggered 0 times
  0:01:06.686    11M / 1133M INFO    General                 (simplification.cpp        : 495)   After simplification:
  0:01:06.686    11M / 1133M INFO    General                 (simplification.cpp        : 496)     Average coverage = 37.9963
  0:01:06.686    11M / 1133M INFO    General                 (simplification.cpp        : 497)     Total length = 2934645
  0:01:06.687    11M / 1133M INFO    General                 (simplification.cpp        : 498)     Median edge length: 20097
  0:01:06.687    11M / 1133M INFO    General                 (simplification.cpp        : 499)     Edges: 2162
  0:01:06.687    11M / 1133M INFO    General                 (simplification.cpp        : 500)     Vertices: 1390
  0:01:06.687    11M / 1133M INFO   StageManager             (stage.cpp                 : 185)   STAGE == Mismatch Correction (id: mismatch_correction)
  0:01:06.688    11M / 1133M INFO    General                 (graph_pack.cpp            :  67)   Index refill
  0:01:06.688    11M / 1133M INFO    General                 (edge_index.hpp            : 156)   Using small index (max_id = 81166)
  0:01:06.767    11M / 1133M INFO   K-mer Index Building     (kmer_index_builder.hpp    : 395)   Building perfect hash indices
  0:01:07.345    13M / 1133M INFO   K-mer Index Building     (kmer_index_builder.hpp    : 431)   Index built. Total 2934645 kmers, 2120344 bytes occupied (5.78017 bits per kmer).
  0:01:07.358    36M / 1133M INFO    General                 (edge_index_builders.hpp   : 252)   Collecting edge information from graph, this takes a while.
  0:01:07.734    36M / 1133M INFO    General                 (graph_pack.cpp            :  77)   Normalizing k-mer map. Total 38008 kmers to process
  0:01:07.745    36M / 1133M INFO    General                 (graph_pack.cpp            :  79)   Normalizing done
  0:01:07.746    36M / 1133M INFO    General                 (mismatch_correction.cpp   : 400)   Collect potential mismatches
  0:01:07.771    36M / 1133M INFO    General                 (mismatch_correction.cpp   : 192)   Total 320 edges (out of 2162) with 2114 potential mismatch positions (6.60625 positions per edge)
  0:01:07.771    36M / 1133M INFO    General                 (mismatch_correction.cpp   : 402)   Potential mismatches collected
  0:01:08.257    36M / 1133M INFO    General                 (sequence_mapper_notifier.h:  77)   Processed 200000 reads
  0:01:08.264    36M / 1133M INFO    General                 (sequence_mapper_notifier.h:  77)   Processed 400000 reads
  0:01:08.738    37M / 1133M INFO    General                 (sequence_mapper_notifier.h:  77)   Processed 600000 reads
  0:01:08.746    37M / 1133M INFO    General                 (sequence_mapper_notifier.h:  77)   Processed 800000 reads
  0:01:09.219    37M / 1133M INFO    General                 (sequence_mapper_notifier.h:  77)   Processed 1000000 reads
  0:01:09.222    37M / 1133M INFO    General                 (sequence_mapper_notifier.h:  77)   Processed 1200000 reads
  0:01:10.673    37M / 1133M INFO    General                 (sequence_mapper_notifier.h:  77)   Processed 2200000 reads
  0:01:13.080    37M / 1133M INFO    General                 (sequence_mapper_notifier.h:  77)   Processed 4200000 reads
  0:01:15.836    37M / 1133M INFO    General                 (sequence_mapper_notifier.h:  95)   Total 6652170 reads processed
  0:01:15.843    36M / 1133M INFO    General                 (mismatch_correction.cpp   : 395)   All edges processed
  0:01:15.843    36M / 1133M INFO    General                 (mismatch_correction.cpp   : 450)   Corrected 1 nucleotides
  0:01:15.843    36M / 1133M INFO   StageManager             (stage.cpp                 : 185)   STAGE == Contig Output (id: contig_output)
  0:01:15.844    36M / 1133M INFO    General                 (contig_output.hpp         :  16)   Outputting contigs to /home/izuike/output/spades_files/K55/before_rr.fasta
  0:01:15.902    36M / 1133M INFO    General                 (contig_output_stage.cpp   : 151)   Writing GFA graph to /home/izuike/output/spades_files/K55/assembly_graph_after_simplification.gfa
  0:01:15.946    36M / 1133M INFO   StageManager             (stage.cpp                 : 185)   STAGE == Hybrid Aligning (id: hybrid_aligning)
  0:01:15.946    36M / 1133M INFO   HybridAligning           (hybrid_aligning.cpp       : 341)   Hybrid library detected: #1
  0:01:15.946    36M / 1133M INFO    General                 (hybrid_aligning.cpp       : 294)   Aligning long reads with bwa-mem based aligner
  0:01:16.014    44M / 1133M INFO    General                 (bwa_index.cpp             : 173)   Using BWA IS algorithm
  0:01:18.732   210M / 1133M INFO    General                 (hybrid_aligning.cpp       : 274)   Prepared batch 0 of 39144 reads.
  0:04:10.207   211M / 1133M INFO    General                 (hybrid_aligning.cpp       : 236)   Read batch of size: 39144 processed; 31755 of them longer than 500; among long reads aligned: 8884; paths of more than one edge received: 1972
  0:04:10.209   210M / 1133M INFO    General                 (hybrid_aligning.cpp       : 279)   Processed 39144 reads
  0:04:10.239    43M / 1133M INFO    General                 (hybrid_aligning.cpp       : 308)   For library of long reads
  0:04:10.239    43M / 1133M INFO   StatsCounter             (pacbio_read_structures.hpp: 163)   Median fraction of present seeds in maximal alignmnent among reads aligned to the graph: 0
  0:04:10.240    43M / 1133M INFO    General                 (hybrid_aligning.cpp       : 310)   Aligning of long reads finished
  0:04:10.241    36M / 1133M INFO   HybridAligning           (hybrid_aligning.cpp       : 388)   Padding gaps
  0:04:10.241    36M / 1133M INFO   HybridAligning           (hybrid_aligning.cpp       : 392)   Min gap weight set to 2
  0:04:10.241    36M / 1133M INFO    General                 (hybrid_aligning.cpp       : 146)   Closing gaps with long reads
  0:04:10.242    36M / 1133M INFO   MultiGapJoiner           (hybrid_gap_closer.hpp     : 531)   Closed 0 gaps
  0:04:10.244    36M / 1133M INFO    General                 (hybrid_aligning.cpp       : 167)   Closing gaps with long reads finished
  0:04:10.244    36M / 1133M INFO   StageManager             (stage.cpp                 : 185)   STAGE == Paired Information Counting (id: late_pair_info_count)
  0:04:10.249    37M / 1133M INFO    General                 (graph_pack.cpp            :  77)   Normalizing k-mer map. Total 38104 kmers to process
  0:04:10.259    37M / 1133M INFO    General                 (graph_pack.cpp            :  79)   Normalizing done
  0:04:10.260    37M / 1133M INFO    General                 (pair_info_count.cpp       : 339)   Min edge length for estimation: 20097
  0:04:10.260    37M / 1133M INFO    General                 (pair_info_count.cpp       : 350)   Estimating insert size for library #0
  0:04:10.260    37M / 1133M INFO    General                 (pair_info_count.cpp       : 202)   Estimating insert size (takes a while)
  0:04:10.279    85M / 1133M INFO    General                 (pair_info_count.cpp       :  48)   Selecting usual mapper
  0:04:11.164    85M / 1133M INFO    General                 (sequence_mapper_notifier.h:  77)   Processed 200000 reads
  0:04:11.202    85M / 1133M INFO    General                 (sequence_mapper_notifier.h:  77)   Processed 400000 reads
  0:04:12.070    85M / 1133M INFO    General                 (sequence_mapper_notifier.h:  77)   Processed 600000 reads
  0:04:12.149    85M / 1133M INFO    General                 (sequence_mapper_notifier.h:  77)   Processed 800000 reads
  0:04:12.975    85M / 1133M INFO    General                 (sequence_mapper_notifier.h:  77)   Processed 1000000 reads
  0:04:13.102    85M / 1133M INFO    General                 (sequence_mapper_notifier.h:  77)   Processed 1200000 reads
  0:04:14.284    85M / 1133M INFO    General                 (sequence_mapper_notifier.h:  95)   Total 1659427 reads processed
  0:04:14.617    85M / 1133M INFO    General                 (pair_info_count.cpp       : 220)   Edge pairs: 15793
  0:04:14.621    85M / 1133M INFO    General                 (pair_info_count.cpp       : 222)   709734 paired reads (42.7698% of all) aligned to long edges
  0:04:14.624    37M / 1133M INFO    General                 (pair_info_count.cpp       : 369)     Insert size = 465.756, deviation = 14.5672, left quantile = 448, right quantile = 484, read length = 90
  0:04:14.628    37M / 1133M INFO    General                 (pair_info_count.cpp       : 390)   Filtering data for library #0
  0:04:14.633    37M / 1133M INFO    General                 (pair_info_count.cpp       :  48)   Selecting usual mapper
  0:04:15.506    37M / 1133M INFO    General                 (sequence_mapper_notifier.h:  77)   Processed 200000 reads
  0:04:15.538    37M / 1133M INFO    General                 (sequence_mapper_notifier.h:  77)   Processed 400000 reads
  0:04:16.377    37M / 1133M INFO    General                 (sequence_mapper_notifier.h:  77)   Processed 600000 reads
  0:04:16.455    37M / 1133M INFO    General                 (sequence_mapper_notifier.h:  77)   Processed 800000 reads
  0:04:17.245    37M / 1133M INFO    General                 (sequence_mapper_notifier.h:  77)   Processed 1000000 reads
  0:04:17.354    37M / 1133M INFO    General                 (sequence_mapper_notifier.h:  77)   Processed 1200000 reads
  0:04:18.387    37M / 1133M INFO    General                 (sequence_mapper_notifier.h:  95)   Total 1659427 reads processed
  0:04:18.388    37M / 1133M INFO    General                 (pair_info_count.cpp       : 402)   Mapping library #0
  0:04:18.388    37M / 1133M INFO    General                 (pair_info_count.cpp       : 404)   Mapping paired reads (takes a while)
  0:04:18.388    37M / 1133M INFO    General                 (pair_info_count.cpp       : 299)   Left insert size quantile 448, right insert size quantile 484, filtering threshold 2, rounding threshold 0
  0:04:18.393    46M / 1133M INFO    General                 (pair_info_count.cpp       :  48)   Selecting usual mapper
  0:04:19.431    47M / 1133M INFO    General                 (sequence_mapper_notifier.h:  77)   Processed 200000 reads
  0:04:19.459    47M / 1133M INFO    General                 (sequence_mapper_notifier.h:  77)   Processed 400000 reads
  0:04:20.474    48M / 1133M INFO    General                 (sequence_mapper_notifier.h:  77)   Processed 600000 reads
  0:04:20.537    48M / 1133M INFO    General                 (sequence_mapper_notifier.h:  77)   Processed 800000 reads
  0:04:21.528    48M / 1133M INFO    General                 (sequence_mapper_notifier.h:  77)   Processed 1000000 reads
  0:04:21.640    48M / 1133M INFO    General                 (sequence_mapper_notifier.h:  77)   Processed 1200000 reads
  0:04:22.945    48M / 1133M INFO    General                 (sequence_mapper_notifier.h:  95)   Total 1659427 reads processed
  0:04:22.950    39M / 1133M INFO    General                 (pair_info_count.cpp       : 343)   Library #1 was mapped earlier on hybrid aligning stage, skipping
  0:04:22.950    39M / 1133M INFO   StageManager             (stage.cpp                 : 185)   STAGE == Distance Estimation (id: distance_estimation)
  0:04:22.950    39M / 1133M INFO    General                 (distance_estimation.cpp   : 179)   Processing library #0
  0:04:22.951    39M / 1133M INFO    General                 (distance_estimation.cpp   : 150)   Weight Filter Done
  0:04:22.951    39M / 1133M INFO   DistanceEstimator        (distance_estimation.hpp   : 116)   Using SIMPLE distance estimator
  0:04:22.978    40M / 1133M INFO    General                 (distance_estimation.cpp   :  37)   Filtering info
  0:04:22.978    40M / 1133M INFO    General                 (pair_info_filters.hpp     : 242)   Start filtering; library index size: 11410
  0:04:22.981    40M / 1133M INFO    General                 (pair_info_filters.hpp     : 263)   Done filtering; library index size: 8868
  0:04:22.982    40M / 1133M INFO    General                 (distance_estimation.cpp   : 156)   Refining clustered pair information
  0:04:22.984    40M / 1133M INFO    General                 (distance_estimation.cpp   : 158)   The refining of clustered pair information has been finished
  0:04:22.984    40M / 1133M INFO    General                 (distance_estimation.cpp   : 160)   Improving paired information
  0:04:23.095    40M / 1133M INFO   PairInfoImprover         (pair_info_improver.hpp    : 104)   Paired info stats: missing = 3207; contradictional = 646
  0:04:23.155    40M / 1133M INFO   PairInfoImprover         (pair_info_improver.hpp    : 104)   Paired info stats: missing = 204; contradictional = 52
  0:04:23.156    40M / 1133M INFO    General                 (distance_estimation.cpp   : 104)   Filling scaffolding index
  0:04:23.156    40M / 1133M INFO   DistanceEstimator        (distance_estimation.hpp   : 116)   Using SMOOTHING distance estimator
  0:04:23.211    40M / 1133M INFO    General                 (distance_estimation.cpp   :  37)   Filtering info
  0:04:23.212    40M / 1133M INFO    General                 (pair_info_filters.hpp     : 242)   Start filtering; library index size: 2204
  0:04:23.212    40M / 1133M INFO    General                 (pair_info_filters.hpp     : 263)   Done filtering; library index size: 2204
  0:04:23.213    40M / 1133M INFO    General                 (distance_estimation.cpp   : 186)   Clearing raw paired index
  0:04:23.215    38M / 1133M INFO   StageManager             (stage.cpp                 : 185)   STAGE == Repeat Resolving (id: repeat_resolving)
  0:04:23.215    38M / 1133M INFO    General                 (repeat_resolving.cpp      :  87)   Using Path-Extend repeat resolving
  0:04:23.216    38M / 1133M INFO    General                 (launcher.cpp              : 600)   ExSPAnder repeat resolving tool started
  0:04:23.222    38M / 1133M INFO    General                 (coverage_uniformity_analyz:  25)   genomic coverage is 32.3237 calculated of length 2825134
  0:04:23.223    38M / 1133M INFO    General                 (launcher.cpp              : 186)   Autodetecting unique edge set parameters...
  0:04:23.223    38M / 1133M INFO    General                 (launcher.cpp              : 188)   Minimal unique edge length set to the smallest MP library IS: 2000
  0:04:23.223    38M / 1133M INFO    General                 (coverage_uniformity_analyz:  25)   genomic coverage is 32.3056 calculated of length 2742329
  0:04:23.224    38M / 1133M INFO    General                 (launcher.cpp              : 193)   median coverage for edges longer than 2000 is 32.3056 uniformity 95%
  0:04:23.224    38M / 1133M INFO   ScaffoldingUniqueEdgeAna (scaff_supplementary.cpp   :  68)   With length cutoff: 2000, median long edge coverage: 32.3237, and maximal unique coverage: 0.5
  0:04:23.225    38M / 1133M INFO   ScaffoldingUniqueEdgeAna (scaff_supplementary.cpp   :  70)   Unique edges quantity: 342, unique edges length 5221988, total edges length 5869290
  0:04:23.227    42M / 1133M INFO    General                 (launcher.cpp              : 418)   Creating main extenders, unique edge length = 2000
  0:04:23.227    43M / 1133M INFO    General                 (launcher.cpp              : 342)   filling path container
  0:04:23.236    51M / 1133M INFO    General                 (extenders_logic.cpp       : 334)   Estimated coverage of library #0 is 37.9963
  0:04:23.237    51M / 1133M INFO    General                 (extenders_logic.cpp       : 345)   Creating extender; library index size: 14992
  0:04:23.237    52M / 1133M INFO    General                 (extenders_logic.cpp       : 334)   Estimated coverage of library #0 is 37.9963
  0:04:23.237    52M / 1133M INFO    General                 (extenders_logic.cpp       : 345)   Creating extender; library index size: 14992
  0:04:23.238    52M / 1133M INFO    General                 (extenders_logic.cpp       :  47)   resolvable_repeat_length_bound set to 207678
  0:04:23.306    52M / 1133M INFO    General                 (extenders_logic.cpp       : 543)   Using 1 paired-end library
  0:04:23.306    52M / 1133M INFO    General                 (extenders_logic.cpp       : 544)   Using 1 paired-end scaffolding library
  0:04:23.307    52M / 1133M INFO    General                 (extenders_logic.cpp       : 545)   Using 1 single read library
  0:04:23.307    52M / 1133M INFO    General                 (launcher.cpp              : 385)   Filling backbone edges for long reads scaffolding...
  0:04:23.308    52M / 1133M INFO    General                 (launcher.cpp              : 404)    with coverage
  0:04:23.308    52M / 1133M INFO   ScaffoldingUniqueEdgeAna (scaff_supplementary.cpp   :  68)   With length cutoff: 500, median long edge coverage: 32.367, and maximal unique coverage: 0.5
  0:04:23.308    52M / 1133M INFO   ScaffoldingUniqueEdgeAna (scaff_supplementary.cpp   :  70)   Unique edges quantity: 466, unique edges length 5362462, total edges length 5869290
  0:04:23.309    52M / 1133M INFO    General                 (launcher.cpp              : 407)   466 unique edges
  0:04:23.309    52M / 1133M INFO    General                 (extenders_logic.cpp       : 420)   Creating scaffolding extender for lib 1
  0:04:23.309    52M / 1133M INFO   ExtensionChooser2015     (extension_chooser2015.hpp :  50)   ExtensionChooser2015 created
  0:04:23.309    52M / 1133M INFO    General                 (extenders_logic.cpp       : 446)   Using 1 long reads scaffolding library
  0:04:23.310    52M / 1133M INFO    General                 (launcher.cpp              : 447)   Total number of extenders is 5
  0:04:23.310    52M / 1133M INFO    General                 (path_extenders.cpp        :  36)   Processed 0 paths from 1060 (0%)
  0:04:23.378    55M / 1133M INFO    General                 (path_extenders.cpp        :  36)   Processed 107 paths from 1060 (10%)
  0:04:23.384    55M / 1133M INFO    General                 (path_extenders.cpp        :  34)   Processed 128 paths from 1060 (12%)
  0:04:23.389    55M / 1133M INFO    General                 (path_extenders.cpp        :  36)   Processed 214 paths from 1060 (20%)
  0:04:23.389    55M / 1133M INFO    General                 (path_extenders.cpp        :  34)   Processed 256 paths from 1060 (24%)
  0:04:23.389    55M / 1133M INFO    General                 (path_extenders.cpp        :  36)   Processed 321 paths from 1060 (30%)
  0:04:23.390    55M / 1133M INFO    General                 (path_extenders.cpp        :  36)   Processed 428 paths from 1060 (40%)
  0:04:23.390    55M / 1133M INFO    General                 (path_extenders.cpp        :  34)   Processed 512 paths from 1060 (48%)
  0:04:23.390    55M / 1133M INFO    General                 (path_extenders.cpp        :  36)   Processed 535 paths from 1060 (50%)
  0:04:23.391    55M / 1133M INFO    General                 (path_extenders.cpp        :  36)   Processed 642 paths from 1060 (60%)
  0:04:23.392    55M / 1133M INFO    General                 (path_extenders.cpp        :  36)   Processed 749 paths from 1060 (70%)
  0:04:23.393    55M / 1133M INFO    General                 (path_extenders.cpp        :  36)   Processed 856 paths from 1060 (80%)
  0:04:23.393    55M / 1133M INFO    General                 (path_extenders.cpp        :  36)   Processed 963 paths from 1060 (90%)
  0:04:23.393    55M / 1133M INFO    General                 (path_extenders.cpp        :  34)   Processed 1024 paths from 1060 (96%)
  0:04:23.393    55M / 1133M INFO    General                 (launcher.cpp              : 250)   Finalizing paths
  0:04:23.394    55M / 1133M INFO    General                 (launcher.cpp              : 252)   Deduplicating paths
  0:04:23.395    55M / 1133M INFO    General                 (launcher.cpp              : 256)   Paths deduplicated
  0:04:23.395    55M / 1133M INFO   PEResolver               (pe_resolver.cpp           :  60)   Removing overlaps
  0:04:23.396    55M / 1133M INFO   PEResolver               (pe_resolver.cpp           :  63)   Sorting paths
  0:04:23.396    55M / 1133M INFO   PEResolver               (pe_resolver.cpp           :  70)   Marking overlaps
  0:04:23.396    55M / 1133M INFO   OverlapRemover           (overlap_remover.hpp       : 116)   Marking start/end overlaps
  0:04:23.399    55M / 1133M INFO   OverlapRemover           (overlap_remover.hpp       : 119)   Marking remaining overlaps
  0:04:23.402    55M / 1133M INFO   PEResolver               (pe_resolver.cpp           :  73)   Splitting paths
  0:04:23.403    56M / 1133M INFO   PEResolver               (pe_resolver.cpp           :  78)   Deduplicating paths
  0:04:23.404    55M / 1133M INFO   PEResolver               (pe_resolver.cpp           :  80)   Overlaps removed
  0:04:23.404    55M / 1133M INFO    General                 (launcher.cpp              : 273)   Paths finalized
  0:04:23.405    55M / 1133M INFO    General                 (launcher.cpp              : 454)   Closing gaps in paths
  0:04:23.420    56M / 1133M INFO    General                 (launcher.cpp              : 484)   Gap closing completed
  0:04:23.420    56M / 1133M INFO    General                 (launcher.cpp              : 302)   Traversing tandem repeats
  0:04:23.423    56M / 1133M INFO    General                 (launcher.cpp              : 312)   Traversed 2 loops
  0:04:23.423    56M / 1133M INFO    General                 (launcher.cpp              : 250)   Finalizing paths
  0:04:23.423    56M / 1133M INFO    General                 (launcher.cpp              : 252)   Deduplicating paths
  0:04:23.424    56M / 1133M INFO    General                 (launcher.cpp              : 256)   Paths deduplicated
  0:04:23.424    56M / 1133M INFO   PEResolver               (pe_resolver.cpp           :  60)   Removing overlaps
  0:04:23.424    56M / 1133M INFO   PEResolver               (pe_resolver.cpp           :  63)   Sorting paths
  0:04:23.425    56M / 1133M INFO   PEResolver               (pe_resolver.cpp           :  70)   Marking overlaps
  0:04:23.425    56M / 1133M INFO   OverlapRemover           (overlap_remover.hpp       : 116)   Marking start/end overlaps
  0:04:23.426    56M / 1133M INFO   OverlapRemover           (overlap_remover.hpp       : 119)   Marking remaining overlaps
  0:04:23.427    56M / 1133M INFO   PEResolver               (pe_resolver.cpp           :  73)   Splitting paths
  0:04:23.428    56M / 1133M INFO   PEResolver               (pe_resolver.cpp           :  78)   Deduplicating paths
  0:04:23.429    56M / 1133M INFO   PEResolver               (pe_resolver.cpp           :  80)   Overlaps removed
  0:04:23.429    56M / 1133M INFO    General                 (launcher.cpp              : 273)   Paths finalized
  0:04:23.429    56M / 1133M INFO    General                 (launcher.cpp              : 664)   ExSPAnder repeat resolving tool finished
  0:04:23.433    38M / 1133M INFO   StageManager             (stage.cpp                 : 185)   STAGE == Contig Output (id: contig_output)
  0:04:23.434    38M / 1133M INFO    General                 (contig_output.hpp         :  16)   Outputting contigs to /home/izuike/output/spades_files/K55/before_rr.fasta
  0:04:23.489    38M / 1133M INFO    General                 (contig_output_stage.cpp   : 151)   Writing GFA graph to /home/izuike/output/spades_files/K55/assembly_graph_with_scaffolds.gfa
  0:04:23.506    38M / 1133M INFO    General                 (contig_output_stage.cpp   : 165)   Outputting FastG graph to /home/izuike/output/spades_files/K55/assembly_graph.fastg
  0:04:23.624    38M / 1133M INFO    General                 (contig_output_stage.cpp   : 196)   Breaking scaffolds
  0:04:23.638    43M / 1133M INFO    General                 (contig_output_stage.cpp   :  98)   Outputting contigs to /home/izuike/output/spades_files/K55/final_contigs.fasta
  0:04:23.679    43M / 1133M INFO    General                 (contig_output_stage.cpp   : 104)   Outputting FastG paths to /home/izuike/output/spades_files/K55/final_contigs.paths
  0:04:23.696    43M / 1133M INFO    General                 (contig_output_stage.cpp   :  98)   Outputting contigs to /home/izuike/output/spades_files/K55/scaffolds.fasta
  0:04:23.736    43M / 1133M INFO    General                 (contig_output_stage.cpp   : 104)   Outputting FastG paths to /home/izuike/output/spades_files/K55/scaffolds.paths
  0:04:23.739    43M / 1133M INFO    General                 (contig_output_stage.cpp   : 111)   Populating GFA with scaffold paths
  0:04:23.769    38M / 1133M INFO    General                 (pipeline.cpp              : 287)   SPAdes finished
  0:04:23.774     1M / 1133M INFO    General                 (main.cpp                  : 136)   Assembling time: 0 hours 4 minutes 23 seconds

===== K55 finished. 


===== Copy files started. 


== Running: /usr/bin/python /sw/bioinfo/spades/3.15.5/rackham/share/spades/spades_pipeline/scripts/copy_files.py /home/izuike/output/spades_files/K55/before_rr.fasta /home/izuike/output/spades_files/before_rr.fasta /home/izuike/output/spades_files/K55/assembly_graph_after_simplification.gfa /home/izuike/output/spades_files/assembly_graph_after_simplification.gfa /home/izuike/output/spades_files/K55/final_contigs.fasta /home/izuike/output/spades_files/contigs.fasta /home/izuike/output/spades_files/K55/first_pe_contigs.fasta /home/izuike/output/spades_files/first_pe_contigs.fasta /home/izuike/output/spades_files/K55/strain_graph.gfa /home/izuike/output/spades_files/strain_graph.gfa /home/izuike/output/spades_files/K55/scaffolds.fasta /home/izuike/output/spades_files/scaffolds.fasta /home/izuike/output/spades_files/K55/scaffolds.paths /home/izuike/output/spades_files/scaffolds.paths /home/izuike/output/spades_files/K55/assembly_graph_with_scaffolds.gfa /home/izuike/output/spades_files/assembly_graph_with_scaffolds.gfa /home/izuike/output/spades_files/K55/assembly_graph.fastg /home/izuike/output/spades_files/assembly_graph.fastg /home/izuike/output/spades_files/K55/final_contigs.paths /home/izuike/output/spades_files/contigs.paths


===== Copy files finished. 


===== Assembling finished. 


===== Breaking scaffolds started. 


== Running: /usr/bin/python /sw/bioinfo/spades/3.15.5/rackham/share/spades/spades_pipeline/scripts/breaking_scaffolds_script.py --result_scaffolds_filename /home/izuike/output/spades_files/scaffolds.fasta --misc_dir /home/izuike/output/spades_files/misc --threshold_for_breaking_scaffolds 3


===== Breaking scaffolds finished. 


===== Terminate started. 


===== Terminate finished. 

 * Corrected reads are in /home/izuike/output/spades_files/corrected/
 * Assembled contigs are in /home/izuike/output/spades_files/contigs.fasta
 * Assembled scaffolds are in /home/izuike/output/spades_files/scaffolds.fasta
 * Paths in the assembly graph corresponding to the contigs are in /home/izuike/output/spades_files/contigs.paths
 * Paths in the assembly graph corresponding to the scaffolds are in /home/izuike/output/spades_files/scaffolds.paths
 * Assembly graph is in /home/izuike/output/spades_files/assembly_graph.fastg
 * Assembly graph in GFA format is in /home/izuike/output/spades_files/assembly_graph_with_scaffolds.gfa

======= SPAdes pipeline finished.

SPAdes log can be found here: /home/izuike/output/spades_files/spades.log

Thank you for using SPAdes!
